2025-09-22 18:22:08,903 INFO Connecting to 149.154.167.51:443/TcpFull...
2025-09-22 18:22:09,079 INFO Connection to 149.154.167.51:443/TcpFull complete!
2025-09-22 18:22:15,566 INFO Userbot is running…
2025-09-22 18:30:14,482 INFO Connecting to 149.154.167.51:443/TcpFull...
2025-09-22 18:30:14,548 INFO Connection to 149.154.167.51:443/TcpFull complete!
^C  echo [%22.09.2025% %18:32:31,11%] crashed, restart in 60s
echo [%date% %time%] start userbot
echo [%date% %time%] stopped, restart in 30s
echo [%date% %time%] start userbot
echo [%date% %time%] stopped, restart in 30s
echo [%date% %time%] start userbot
echo [%date% %time%] stopped, restart in 30s
echo [%date% %time%] start userbot
echo [%date% %time%] stopped, restart in 30s
echo [%date% %time%] start userbot
echo [%date% %time%] stopped, restart in 30s
echo [%date% %time%] start userbot
echo [%date% %time%] stopped, restart in 30s
echo [%date% %time%] start userbot
echo [%date% %time%] stopped, restart in 30s
2025-09-30 12:24:25,571 INFO Connecting to 149.154.167.51:443/TcpFull...
2025-09-30 12:24:25,635 INFO Connection to 149.154.167.51:443/TcpFull complete!
2025-09-30 12:24:26,426 INFO Userbot is running…
2025-09-30 12:29:04,977 ERROR send_message error
Traceback (most recent call last):
  File "C:\Users\user\Documents\vip\main.py", line 118, in safe_send_message
    return await client.send_message(entity, text, parse_mode=parse_mode)
           ^^^^^^^^^^^^^^^^^^^^^^^^^^^^^^^^^^^^^^^^^^^^^^^^^^^^^^^^^^^^^^
  File "C:\Users\user\Documents\vip\.venv\Lib\site-packages\telethon\client\messages.py", line 926, in send_message
    result = await self(request)
             ^^^^^^^^^^^^^^^^^^^
  File "C:\Users\user\Documents\vip\.venv\Lib\site-packages\telethon\client\users.py", line 30, in __call__
    return await self._call(self._sender, request, ordered=ordered)
           ^^^^^^^^^^^^^^^^^^^^^^^^^^^^^^^^^^^^^^^^^^^^^^^^^^^^^^^^
  File "C:\Users\user\Documents\vip\.venv\Lib\site-packages\telethon\client\users.py", line 92, in _call
    result = await future
             ^^^^^^^^^^^^
telethon.errors.rpcerrorlist.FloodWaitError: A wait of 2429 seconds is required (caused by SendMessageRequest)
2025-09-30 13:11:35,680 INFO Got difference for account updates
2025-09-30 13:11:47,951 INFO Got difference for account updates
2025-09-30 13:11:49,964 INFO Got difference for account updates
2025-09-30 13:12:05,922 INFO Got difference for account updates
2025-09-30 13:12:36,328 INFO Got difference for account updates
2025-09-30 13:12:41,911 INFO Got difference for account updates
2025-09-30 13:12:47,892 INFO Got difference for account updates
2025-09-30 13:12:56,569 INFO Got difference for account updates
2025-09-30 13:13:06,376 INFO Got difference for account updates
2025-09-30 13:13:16,721 INFO Got difference for account updates
2025-09-30 13:13:36,577 INFO Got difference for account updates
2025-09-30 13:13:47,306 INFO Got difference for account updates
2025-09-30 13:14:15,685 INFO Got difference for account updates
2025-09-30 13:14:26,552 INFO Got difference for account updates
2025-09-30 13:14:47,587 INFO Got difference for account updates
2025-09-30 13:14:56,768 INFO Got difference for account updates
2025-09-30 13:15:15,695 INFO Got difference for account updates
2025-09-30 13:15:16,704 INFO Got difference for account updates
2025-09-30 13:15:24,535 INFO Got difference for account updates
2025-09-30 13:15:25,456 INFO Got difference for account updates
2025-09-30 13:15:36,144 INFO Got difference for account updates
2025-09-30 13:15:55,668 INFO Got difference for account updates
2025-09-30 13:16:07,113 INFO Got difference for account updates
2025-09-30 13:16:27,537 INFO Got difference for account updates
2025-09-30 13:16:37,525 INFO Got difference for account updates
2025-09-30 13:16:55,864 INFO Got difference for account updates
2025-09-30 13:16:57,492 INFO Got difference for account updates
2025-09-30 13:17:06,152 INFO Got difference for account updates
2025-09-30 13:17:14,867 INFO Got difference for account updates
2025-09-30 13:17:34,615 INFO Got difference for account updates
2025-09-30 13:17:40,422 INFO Got difference for account updates
2025-09-30 13:17:48,297 INFO Got difference for account updates
2025-09-30 13:17:53,401 INFO Got difference for account updates
2025-09-30 13:18:03,805 INFO Got difference for account updates
2025-09-30 13:18:14,345 INFO Got difference for account updates
2025-09-30 13:18:37,194 INFO Got difference for account updates
2025-09-30 13:18:44,357 INFO Got difference for account updates
2025-09-30 13:19:09,028 INFO Got difference for account updates
2025-09-30 13:19:23,948 INFO Got difference for account updates
2025-09-30 13:19:25,324 INFO Got difference for account updates
2025-09-30 13:19:45,033 INFO Got difference for account updates
2025-09-30 14:09:47,829 INFO Got difference for account updates
2025-09-30 14:09:50,975 INFO Got difference for account updates
2025-09-30 14:09:55,243 INFO Got difference for account updates
2025-09-30 14:10:07,439 INFO Got difference for account updates
2025-09-30 14:10:27,769 INFO Got difference for account updates
2025-09-30 14:10:46,665 INFO Got difference for account updates
2025-09-30 14:11:00,053 INFO Got difference for account updates
2025-09-30 14:11:19,142 INFO Got difference for account updates
2025-09-30 14:11:26,256 INFO Got difference for account updates
2025-09-30 14:11:36,285 INFO Got difference for account updates
2025-09-30 14:11:56,505 INFO Got difference for account updates
2025-09-30 14:12:07,511 INFO Got difference for account updates
2025-09-30 14:12:27,890 INFO Got difference for account updates
2025-09-30 14:12:37,828 INFO Got difference for account updates
2025-09-30 14:12:56,730 INFO Got difference for account updates
2025-09-30 14:13:07,530 INFO Got difference for account updates
2025-09-30 14:13:12,845 INFO Got difference for account updates
2025-09-30 14:13:17,948 INFO Got difference for account updates
2025-09-30 14:13:36,685 INFO Got difference for account updates
2025-09-30 14:13:37,324 INFO Got difference for account updates
2025-09-30 14:13:56,643 INFO Got difference for account updates
2025-09-30 14:13:57,347 INFO Got difference for account updates
2025-09-30 14:14:07,580 INFO Got difference for account updates
2025-09-30 14:14:46,719 INFO Got difference for account updates
2025-09-30 14:15:06,835 INFO Got difference for account updates
2025-09-30 14:15:17,546 INFO Got difference for account updates
2025-09-30 14:15:37,328 INFO Got difference for account updates
2025-09-30 14:15:52,502 INFO Got difference for account updates
2025-09-30 14:16:16,656 INFO Got difference for account updates
2025-09-30 14:16:47,489 INFO Got difference for account updates
2025-09-30 14:16:55,494 INFO Got difference for account updates
2025-09-30 14:17:05,630 INFO Got difference for account updates
2025-09-30 14:17:18,378 INFO Got difference for account updates
2025-09-30 14:17:21,546 INFO Got difference for account updates
2025-09-30 14:17:26,907 INFO Got difference for account updates
2025-09-30 14:17:36,401 INFO Got difference for account updates
2025-09-30 14:17:59,507 INFO Got difference for account updates
2025-09-30 14:18:16,611 INFO Got difference for account updates
2025-09-30 14:18:36,499 INFO Got difference for account updates
2025-09-30 14:19:08,117 INFO Got difference for account updates
2025-09-30 14:19:16,827 INFO Got difference for account updates
2025-09-30 14:19:26,744 INFO Got difference for account updates
2025-09-30 14:19:45,034 INFO Got difference for account updates
2025-09-30 14:19:45,715 INFO Got difference for account updates
2025-09-30 14:19:55,565 INFO Got difference for account updates
2025-09-30 14:20:15,574 INFO Got difference for account updates
2025-09-30 15:09:49,850 INFO Got difference for account updates
2025-09-30 15:10:08,381 INFO Got difference for account updates
2025-09-30 15:10:19,043 INFO Got difference for account updates
2025-09-30 15:10:20,349 INFO Got difference for account updates
2025-09-30 15:10:24,249 INFO Got difference for account updates
2025-09-30 15:10:39,321 INFO Got difference for account updates
2025-09-30 15:10:43,184 INFO Got difference for account updates
2025-09-30 15:10:56,402 INFO Got difference for account updates
2025-09-30 15:11:16,551 INFO Got difference for account updates
2025-09-30 15:11:18,618 INFO Got difference for account updates
2025-09-30 15:11:24,541 INFO Got difference for account updates
2025-09-30 15:11:33,637 INFO Got difference for account updates
2025-09-30 15:11:46,057 INFO Got difference for account updates
2025-09-30 15:12:06,595 INFO Got difference for account updates
2025-09-30 15:12:28,663 INFO Got difference for account updates
2025-09-30 15:12:30,654 INFO Got difference for account updates
2025-09-30 15:12:40,432 INFO Got difference for account updates
2025-09-30 15:13:05,299 INFO Got difference for account updates
2025-09-30 15:13:06,953 INFO Got difference for account updates
2025-09-30 15:13:15,373 INFO Got difference for account updates
2025-09-30 15:13:21,404 INFO Got difference for account updates
2025-09-30 15:13:42,599 INFO Got difference for account updates
2025-09-30 15:13:53,493 INFO Got difference for account updates
2025-09-30 15:14:13,409 INFO Got difference for account updates
2025-09-30 15:14:15,027 INFO Got difference for account updates
2025-09-30 15:14:21,580 INFO Got difference for account updates
2025-09-30 15:14:31,487 INFO Got difference for account updates
2025-09-30 15:14:52,403 INFO Got difference for account updates
2025-09-30 15:14:53,443 INFO Got difference for account updates
2025-09-30 15:15:03,431 INFO Got difference for account updates
2025-09-30 15:15:05,245 INFO Got difference for account updates
2025-09-30 15:15:23,638 INFO Got difference for account updates
2025-09-30 15:15:43,618 INFO Got difference for account updates
2025-09-30 15:15:54,888 INFO Got difference for account updates
2025-09-30 15:15:56,814 INFO Got difference for account updates
2025-09-30 15:16:02,938 INFO Got difference for account updates
2025-09-30 15:16:03,796 INFO Got difference for account updates
2025-09-30 15:16:17,801 INFO Got difference for account updates
2025-09-30 15:16:23,170 INFO Got difference for account updates
2025-09-30 15:16:52,467 INFO Got difference for account updates
2025-09-30 15:17:02,437 INFO Got difference for account updates
2025-09-30 15:17:04,692 INFO Got difference for account updates
2025-09-30 15:17:23,611 INFO Got difference for account updates
2025-09-30 15:17:34,704 INFO Got difference for account updates
2025-09-30 15:17:53,349 INFO Got difference for account updates
2025-09-30 15:18:05,327 INFO Got difference for account updates
2025-09-30 15:18:23,114 INFO Got difference for account updates
2025-09-30 15:18:25,252 INFO Got difference for account updates
2025-09-30 15:18:30,515 INFO Got difference for account updates
2025-09-30 15:18:40,901 INFO Got difference for account updates
2025-09-30 15:19:02,809 INFO Got difference for account updates
2025-09-30 15:19:03,525 INFO Got difference for account updates
2025-09-30 15:19:06,829 INFO Got difference for account updates
2025-09-30 15:19:10,955 INFO Got difference for account updates
2025-09-30 15:19:13,605 INFO Got difference for account updates
2025-09-30 15:19:20,338 INFO Got difference for account updates
2025-09-30 15:19:23,292 INFO Got difference for account updates
2025-09-30 15:19:52,772 INFO Got difference for account updates
2025-09-30 15:19:53,915 INFO Got difference for account updates
2025-09-30 15:19:55,697 INFO Got difference for account updates
2025-09-30 15:20:06,202 INFO Got difference for account updates
2025-09-30 16:09:49,183 INFO Got difference for account updates
2025-09-30 16:09:50,185 INFO Got difference for account updates
2025-09-30 16:09:51,280 INFO Got difference for account updates
2025-09-30 16:09:52,081 INFO Got difference for account updates
2025-09-30 16:09:53,036 INFO Got difference for account updates
2025-09-30 16:10:10,040 INFO Got difference for account updates
2025-09-30 16:10:10,991 INFO Got difference for account updates
2025-09-30 16:10:19,509 INFO Got difference for account updates
2025-09-30 16:10:30,178 INFO Got difference for account updates
2025-09-30 16:10:32,570 INFO Got difference for account updates
2025-09-30 16:10:39,470 INFO Got difference for account updates
2025-09-30 16:10:44,196 INFO Got difference for account updates
2025-09-30 16:10:49,377 INFO Got difference for account updates
2025-09-30 16:11:10,142 INFO Got difference for account updates
2025-09-30 16:11:39,093 INFO Got difference for account updates
2025-09-30 16:11:48,564 INFO Got difference for account updates
2025-09-30 16:11:58,123 INFO Got difference for account updates
2025-09-30 16:12:06,744 INFO Got difference for account updates
2025-09-30 16:12:09,699 INFO Got difference for account updates
2025-09-30 16:12:19,027 INFO Got difference for account updates
2025-09-30 16:12:29,980 INFO Got difference for account updates
2025-09-30 16:12:39,254 INFO Got difference for account updates
2025-09-30 16:12:40,024 INFO Got difference for account updates
2025-09-30 16:12:49,417 INFO Got difference for account updates
2025-09-30 16:13:09,466 INFO Got difference for account updates
2025-09-30 16:13:11,408 INFO Got difference for account updates
2025-09-30 16:13:22,145 INFO Got difference for account updates
2025-09-30 16:13:47,978 INFO Got difference for account updates
2025-09-30 16:13:50,885 INFO Got difference for account updates
2025-09-30 16:13:52,733 INFO Got difference for account updates
2025-09-30 16:14:25,496 INFO Got difference for account updates
2025-09-30 16:14:36,679 INFO Got difference for account updates
2025-09-30 16:14:56,571 INFO Got difference for account updates
2025-09-30 16:15:25,570 INFO Got difference for account updates
2025-09-30 16:15:27,928 INFO Got difference for account updates
2025-09-30 16:15:35,172 INFO Got difference for account updates
2025-09-30 16:15:37,343 INFO Got difference for account updates
2025-09-30 16:15:45,497 INFO Got difference for account updates
2025-09-30 16:16:16,633 INFO Got difference for account updates
2025-09-30 16:16:36,810 INFO Got difference for account updates
2025-09-30 16:16:55,753 INFO Got difference for account updates
2025-09-30 16:16:57,926 INFO Got difference for account updates
2025-09-30 16:17:06,537 INFO Got difference for account updates
2025-09-30 16:17:08,181 INFO Got difference for account updates
2025-09-30 16:17:16,146 INFO Got difference for account updates
2025-09-30 16:17:36,256 INFO Got difference for account updates
2025-09-30 16:17:36,943 INFO Got difference for account updates
2025-09-30 16:18:07,567 INFO Got difference for account updates
2025-09-30 16:18:09,451 INFO Got difference for account updates
2025-09-30 16:18:11,027 INFO Got difference for account updates
2025-09-30 16:18:13,185 INFO Got difference for account updates
2025-09-30 16:18:37,508 INFO Got difference for account updates
2025-09-30 16:18:47,281 INFO Got difference for account updates
2025-09-30 16:18:57,799 INFO Got difference for account updates
2025-09-30 16:19:16,590 INFO Got difference for account updates
2025-09-30 16:19:27,648 INFO Got difference for account updates
2025-09-30 16:19:56,536 INFO Got difference for account updates
2025-09-30 16:20:07,684 INFO Got difference for account updates
2025-09-30 16:20:09,775 INFO Got difference for account updates
2025-09-30 16:20:12,560 INFO Got difference for account updates
2025-09-30 17:09:50,118 INFO Got difference for account updates
2025-09-30 17:10:10,553 INFO Got difference for account updates
2025-09-30 17:10:18,924 INFO Got difference for account updates
2025-09-30 17:10:28,797 INFO Got difference for account updates
2025-09-30 17:10:40,538 INFO Got difference for account updates
2025-09-30 17:10:59,456 INFO Got difference for account updates
2025-09-30 17:11:19,641 INFO Got difference for account updates
2025-09-30 17:11:30,349 INFO Got difference for account updates
2025-09-30 17:11:50,958 INFO Got difference for account updates
2025-09-30 17:12:00,297 INFO Got difference for account updates
2025-09-30 17:12:22,009 INFO Got difference for account updates
2025-09-30 17:12:38,713 INFO Got difference for account updates
2025-09-30 17:12:58,090 INFO Got difference for account updates
2025-09-30 17:13:08,500 INFO Got difference for account updates
2025-09-30 17:13:22,213 INFO Got difference for account updates
2025-09-30 17:13:27,746 INFO Got difference for account updates
2025-09-30 17:13:58,917 INFO Got difference for account updates
2025-09-30 17:14:10,782 INFO Got difference for account updates
2025-09-30 17:14:18,787 INFO Got difference for account updates
2025-09-30 17:14:37,630 INFO Got difference for account updates
2025-09-30 17:14:48,469 INFO Got difference for account updates
2025-09-30 17:15:08,287 INFO Got difference for account updates
2025-09-30 17:15:09,043 INFO Got difference for account updates
2025-09-30 17:15:18,886 INFO Got difference for account updates
2025-09-30 17:15:48,078 INFO Got difference for account updates
2025-09-30 17:15:50,180 INFO Got difference for account updates
2025-09-30 17:15:58,304 INFO Got difference for account updates
2025-09-30 17:16:18,553 INFO Got difference for account updates
2025-09-30 17:16:22,262 INFO Got difference for account updates
2025-09-30 17:16:29,659 INFO Got difference for account updates
2025-09-30 17:16:47,613 INFO Got difference for account updates
2025-09-30 17:16:48,335 INFO Got difference for account updates
2025-09-30 17:16:58,596 INFO Got difference for account updates
2025-09-30 17:17:03,577 INFO Got difference for account updates
2025-09-30 17:17:10,236 INFO Got difference for account updates
2025-09-30 17:17:27,607 INFO Got difference for account updates
2025-09-30 17:17:34,932 INFO Got difference for account updates
2025-09-30 17:17:48,037 INFO Got difference for account updates
2025-09-30 17:17:58,198 INFO Got difference for account updates
2025-09-30 17:18:00,398 INFO Got difference for account updates
2025-09-30 17:18:18,973 INFO Got difference for account updates
2025-09-30 17:18:20,390 INFO Got difference for account updates
2025-09-30 17:18:28,393 INFO Got difference for account updates
2025-09-30 17:18:38,378 INFO Got difference for account updates
2025-09-30 17:18:43,426 INFO Got difference for account updates
2025-09-30 17:18:57,678 INFO Got difference for account updates
2025-09-30 17:19:08,804 INFO Got difference for account updates
2025-09-30 17:19:10,717 INFO Got difference for account updates
2025-09-30 17:19:28,724 INFO Got difference for account updates
2025-09-30 17:19:34,154 INFO Got difference for account updates
2025-09-30 17:19:40,585 INFO Got difference for account updates
2025-09-30 17:19:59,708 INFO Got difference for account updates
2025-09-30 17:20:09,525 INFO Got difference for account updates
2025-09-30 17:20:10,988 INFO Got difference for account updates
2025-09-30 18:09:50,858 INFO Got difference for account updates
2025-09-30 18:10:11,311 INFO Got difference for account updates
2025-09-30 18:10:20,254 INFO Got difference for account updates
2025-09-30 18:10:30,398 INFO Got difference for account updates
2025-09-30 18:10:50,373 INFO Got difference for account updates
2025-09-30 18:11:01,526 INFO Got difference for account updates
2025-09-30 18:11:02,813 INFO Got difference for account updates
2025-09-30 18:11:21,199 INFO Got difference for account updates
2025-09-30 18:11:32,238 INFO Got difference for account updates
2025-09-30 18:11:51,649 INFO Got difference for account updates
2025-09-30 18:12:02,138 INFO Got difference for account updates
2025-09-30 18:12:05,118 INFO Got difference for account updates
2025-09-30 18:12:11,976 INFO Got difference for account updates
2025-09-30 18:12:21,530 INFO Got difference for account updates
2025-09-30 18:12:31,306 INFO Got difference for account updates
2025-09-30 18:12:32,939 INFO Got difference for account updates
2025-09-30 18:12:50,769 INFO Got difference for account updates
2025-09-30 18:12:52,187 INFO Got difference for account updates
2025-09-30 18:13:04,027 INFO Got difference for account updates
2025-09-30 18:13:30,543 INFO Got difference for account updates
2025-09-30 18:13:41,666 INFO Got difference for account updates
2025-09-30 18:14:01,330 INFO Got difference for account updates
2025-09-30 18:14:02,257 INFO Got difference for account updates
2025-09-30 18:14:03,307 INFO Got difference for account updates
2025-09-30 18:14:11,917 INFO Got difference for account updates
2025-09-30 18:14:34,186 INFO Got difference for account updates
2025-09-30 18:14:46,256 INFO Got difference for account updates
2025-09-30 18:15:04,676 INFO Got difference for account updates
2025-09-30 18:15:05,990 INFO Got difference for account updates
2025-09-30 18:15:24,210 INFO Got difference for account updates
2025-09-30 18:15:42,929 INFO Got difference for account updates
2025-09-30 18:15:53,315 INFO Got difference for account updates
2025-09-30 18:16:13,309 INFO Got difference for account updates
2025-09-30 18:16:13,517 INFO Got difference for account updates
2025-09-30 18:16:14,307 INFO Got difference for account updates
2025-09-30 18:16:33,423 INFO Got difference for account updates
2025-09-30 18:16:34,395 INFO Got difference for account updates
2025-09-30 18:16:53,323 INFO Got difference for account updates
2025-09-30 18:17:03,556 INFO Got difference for account updates
2025-09-30 18:17:04,309 INFO Got difference for account updates
2025-09-30 18:17:14,209 INFO Got difference for account updates
2025-09-30 18:17:33,614 INFO Got difference for account updates
2025-09-30 18:17:36,770 INFO Got difference for account updates
2025-09-30 18:17:44,101 INFO Got difference for account updates
2025-09-30 18:17:45,907 INFO Got difference for account updates
2025-09-30 18:18:04,512 INFO Got difference for account updates
2025-09-30 18:18:06,317 INFO Got difference for account updates
2025-09-30 18:18:14,290 INFO Got difference for account updates
2025-09-30 18:18:33,728 INFO Got difference for account updates
2025-09-30 18:18:54,020 INFO Got difference for account updates
2025-09-30 18:18:54,726 INFO Got difference for account updates
2025-09-30 18:19:14,734 INFO Got difference for account updates
2025-09-30 18:19:24,427 INFO Got difference for account updates
2025-09-30 18:19:34,525 INFO Got difference for account updates
2025-09-30 18:19:46,325 INFO Got difference for account updates
2025-09-30 18:19:54,077 INFO Got difference for account updates
2025-09-30 18:19:54,961 INFO Got difference for account updates
2025-09-30 19:09:52,221 INFO Got difference for account updates
2025-09-30 19:10:12,482 INFO Got difference for account updates
2025-09-30 19:10:23,107 INFO Got difference for account updates
2025-09-30 19:10:32,159 INFO Got difference for account updates
2025-09-30 19:10:42,461 INFO Got difference for account updates
2025-09-30 19:10:44,282 INFO Got difference for account updates
2025-09-30 19:10:45,787 INFO Got difference for account updates
2025-09-30 19:10:52,044 INFO Got difference for account updates
2025-09-30 19:10:57,276 INFO Got difference for account updates
2025-09-30 19:11:11,566 INFO Got difference for account updates
2025-09-30 19:11:41,674 INFO Got difference for account updates
2025-09-30 19:12:21,326 INFO Got difference for account updates
2025-09-30 19:12:21,438 INFO Got difference for account updates
2025-09-30 19:12:32,151 INFO Got difference for account updates
2025-09-30 19:13:01,529 INFO Got difference for account updates
2025-09-30 19:13:12,209 INFO Got difference for account updates
2025-09-30 19:13:26,451 INFO Got difference for account updates
2025-09-30 19:13:53,985 INFO Got difference for account updates
2025-09-30 19:14:02,872 INFO Got difference for account updates
2025-09-30 19:14:24,124 INFO Got difference for account updates
2025-09-30 19:15:53,216 INFO Got difference for account updates
2025-09-30 19:16:04,954 INFO Got difference for account updates
2025-09-30 19:16:06,072 INFO Got difference for account updates
2025-09-30 19:16:06,799 INFO Got difference for account updates
2025-09-30 19:16:12,036 INFO Got difference for account updates
2025-09-30 19:16:32,349 INFO Got difference for account updates
2025-09-30 19:16:34,268 INFO Got difference for account updates
2025-09-30 19:16:41,145 INFO Got difference for account updates
2025-09-30 19:16:42,368 INFO Got difference for account updates
2025-09-30 19:16:51,378 INFO Got difference for account updates
2025-09-30 19:17:04,842 INFO Got difference for account updates
2025-09-30 19:17:22,249 INFO Got difference for account updates
2025-09-30 19:17:32,943 INFO Got difference for account updates
2025-09-30 19:17:42,500 INFO Got difference for account updates
2025-09-30 19:17:49,634 INFO Got difference for account updates
2025-09-30 19:18:04,153 INFO Got difference for account updates
2025-09-30 19:18:13,948 INFO Got difference for account updates
2025-09-30 19:18:17,764 INFO Got difference for account updates
2025-09-30 19:18:22,426 INFO Got difference for account updates
2025-09-30 19:18:32,584 INFO Got difference for account updates
2025-09-30 19:18:38,467 INFO Got difference for account updates
2025-09-30 19:19:01,364 INFO Got difference for account updates
2025-09-30 19:19:02,323 INFO Got difference for account updates
2025-09-30 19:19:22,512 INFO Got difference for account updates
2025-09-30 19:19:31,359 INFO Got difference for account updates
2025-09-30 19:19:33,768 INFO Got difference for account updates
2025-09-30 19:19:43,607 INFO Got difference for account updates
2025-09-30 19:19:52,209 INFO Got difference for account updates
2025-09-30 19:19:54,327 INFO Got difference for account updates
2025-09-30 19:20:02,642 INFO Got difference for account updates
2025-09-30 20:09:52,741 INFO Got difference for account updates
2025-09-30 20:10:20,096 INFO Got difference for account updates
2025-09-30 20:10:20,209 INFO Got difference for account updates
2025-09-30 20:10:30,317 INFO Got difference for account updates
2025-09-30 20:10:31,133 INFO Got difference for account updates
2025-09-30 20:10:59,243 INFO Got difference for account updates
2025-09-30 20:10:59,354 INFO Got difference for account updates
2025-09-30 20:11:10,366 INFO Got difference for account updates
2025-09-30 20:11:30,314 INFO Got difference for account updates
2025-09-30 20:11:31,931 INFO Got difference for account updates
2025-09-30 20:11:40,683 INFO Got difference for account updates
2025-09-30 20:11:44,726 INFO Got difference for account updates
2025-09-30 20:12:01,209 INFO Got difference for account updates
2025-09-30 20:12:10,017 INFO Got difference for account updates
2025-09-30 20:12:24,853 INFO Got difference for account updates
2025-09-30 20:12:30,300 INFO Got difference for account updates
2025-09-30 20:12:40,439 INFO Got difference for account updates
2025-09-30 20:12:42,153 INFO Got difference for account updates
2025-09-30 20:13:01,015 INFO Got difference for account updates
2025-09-30 20:13:11,900 INFO Got difference for account updates
2025-09-30 20:13:31,032 INFO Got difference for account updates
2025-09-30 20:13:40,488 INFO Got difference for account updates
2025-09-30 20:13:53,824 INFO Got difference for account updates
2025-09-30 20:14:01,068 INFO Got difference for account updates
2025-09-30 20:14:11,202 INFO Got difference for account updates
2025-09-30 20:14:30,615 INFO Got difference for account updates
2025-09-30 20:14:41,880 INFO Got difference for account updates
2025-09-30 20:15:01,568 INFO Got difference for account updates
2025-09-30 20:15:07,739 INFO Got difference for account updates
2025-09-30 20:15:12,330 INFO Got difference for account updates
2025-09-30 20:15:40,412 INFO Got difference for account updates
2025-09-30 20:15:51,567 INFO Got difference for account updates
2025-09-30 20:16:11,745 INFO Got difference for account updates
2025-09-30 20:16:13,925 INFO Got difference for account updates
2025-09-30 20:16:21,233 INFO Got difference for account updates
2025-09-30 20:16:50,181 INFO Got difference for account updates
2025-09-30 20:17:01,376 INFO Got difference for account updates
2025-09-30 20:17:23,472 INFO Got difference for account updates
2025-09-30 20:17:25,248 INFO Got difference for account updates
2025-09-30 20:17:31,307 INFO Got difference for account updates
2025-09-30 20:17:53,451 INFO Got difference for account updates
2025-09-30 20:18:01,307 INFO Got difference for account updates
2025-09-30 20:18:07,287 INFO Got difference for account updates
2025-09-30 20:18:10,708 INFO Sleeping for 9s (0:00:09) on SendMessageRequest flood wait
2025-09-30 20:18:13,339 INFO Got difference for account updates
2025-09-30 20:18:19,809 INFO Sleeping for 3s (0:00:03) on SendMessageRequest flood wait
2025-09-30 20:18:21,335 INFO Got difference for account updates
2025-09-30 20:18:22,930 INFO Sleeping for 7s (0:00:07) on SendMessageRequest flood wait
2025-09-30 20:18:30,468 INFO Sleeping for 20s (0:00:20) on SendMessageRequest flood wait
2025-09-30 20:18:47,571 INFO Sleeping for 3s (0:00:03) on SendMessageRequest flood wait
2025-09-30 20:18:50,569 INFO Sleeping for 7s (0:00:07) on SendMessageRequest flood wait
2025-09-30 20:18:50,661 INFO Sleeping for 7s (0:00:07) on SendMessageRequest flood wait
2025-09-30 20:18:51,698 INFO Got difference for account updates
2025-09-30 20:18:53,090 INFO Got difference for account updates
2025-09-30 20:18:57,771 INFO Sleeping for 10s (0:00:10) on SendMessageRequest flood wait
2025-09-30 20:18:58,943 INFO Got difference for account updates
2025-09-30 20:19:07,937 INFO Sleeping for 12s (0:00:12) on SendMessageRequest flood wait
2025-09-30 20:19:10,812 INFO Got difference for account updates
2025-09-30 20:19:20,041 INFO Sleeping for 9s (0:00:09) on SendMessageRequest flood wait
2025-09-30 20:19:29,189 INFO Sleeping for 3s (0:00:03) on SendMessageRequest flood wait
2025-09-30 20:19:30,053 INFO Got difference for account updates
2025-09-30 20:19:32,195 ERROR send_message error
Traceback (most recent call last):
  File "C:\Users\user\Documents\vip\main.py", line 118, in safe_send_message
    return await client.send_message(entity, text, parse_mode=parse_mode)
           ^^^^^^^^^^^^^^^^^^^^^^^^^^^^^^^^^^^^^^^^^^^^^^^^^^^^^^^^^^^^^^
  File "C:\Users\user\Documents\vip\.venv\Lib\site-packages\telethon\client\messages.py", line 926, in send_message
    result = await self(request)
             ^^^^^^^^^^^^^^^^^^^
  File "C:\Users\user\Documents\vip\.venv\Lib\site-packages\telethon\client\users.py", line 30, in __call__
    return await self._call(self._sender, request, ordered=ordered)
           ^^^^^^^^^^^^^^^^^^^^^^^^^^^^^^^^^^^^^^^^^^^^^^^^^^^^^^^^
  File "C:\Users\user\Documents\vip\.venv\Lib\site-packages\telethon\client\users.py", line 139, in _call
    raise ValueError('Request was unsuccessful {} time(s)'
                     .format(attempt))
ValueError: Request was unsuccessful 6 time(s)
2025-09-30 20:19:41,016 INFO Got difference for account updates
2025-09-30 20:20:01,399 INFO Got difference for account updates
2025-09-30 20:20:11,454 INFO Got difference for account updates
2025-09-30 20:20:12,341 INFO Got difference for account updates
2025-09-30 20:20:13,516 INFO Got difference for account updates
2025-09-30 21:10:24,435 INFO Got difference for account updates
2025-09-30 21:10:44,733 INFO Got difference for account updates
2025-09-30 21:10:51,960 INFO Got difference for account updates
2025-09-30 21:11:01,212 INFO Got difference for account updates
2025-09-30 21:11:22,657 INFO Got difference for account updates
2025-09-30 21:11:28,672 INFO Got difference for account updates
2025-09-30 21:11:38,667 INFO Got difference for account updates
2025-09-30 21:11:58,642 INFO Got difference for account updates
2025-09-30 21:12:15,158 INFO Got difference for account updates
2025-09-30 21:12:16,000 INFO Got difference for account updates
2025-09-30 21:12:29,075 INFO Got difference for account updates
2025-09-30 21:12:47,208 INFO Got difference for account updates
2025-09-30 21:12:57,264 INFO Got difference for account updates
2025-09-30 21:13:08,552 INFO Got difference for account updates
2025-09-30 21:13:18,212 INFO Got difference for account updates
2025-09-30 21:13:28,500 INFO Got difference for account updates
2025-09-30 21:13:38,559 INFO Got difference for account updates
2025-09-30 21:13:59,485 INFO Got difference for account updates
2025-09-30 21:14:09,159 INFO Got difference for account updates
2025-09-30 21:14:29,114 INFO Got difference for account updates
2025-09-30 21:14:36,524 INFO Got difference for account updates
2025-09-30 21:14:58,792 INFO Got difference for account updates
2025-09-30 21:15:18,481 INFO Got difference for account updates
2025-09-30 21:15:41,831 INFO Got difference for account updates
2025-09-30 21:15:43,946 INFO Got difference for account updates
2025-09-30 21:15:49,093 INFO Got difference for account updates
2025-09-30 21:16:12,676 INFO Got difference for account updates
2025-09-30 21:16:19,077 INFO Got difference for account updates
2025-09-30 21:16:30,425 INFO Got difference for account updates
2025-09-30 21:16:57,232 INFO Got difference for account updates
2025-09-30 21:17:09,297 INFO Got difference for account updates
2025-09-30 21:17:19,873 INFO Got difference for account updates
2025-09-30 21:17:38,424 INFO Got difference for account updates
2025-09-30 21:17:40,552 INFO Got difference for account updates
2025-09-30 21:17:48,076 INFO Got difference for account updates
2025-09-30 21:18:09,293 INFO Got difference for account updates
2025-09-30 21:18:19,446 INFO Got difference for account updates
2025-09-30 21:18:49,524 INFO Got difference for account updates
2025-09-30 21:19:09,268 INFO Got difference for account updates
2025-09-30 21:19:33,660 INFO Got difference for account updates
2025-09-30 21:19:39,134 INFO Got difference for account updates
2025-09-30 21:19:58,439 INFO Got difference for account updates
2025-09-30 22:09:55,454 INFO Got difference for account updates
2025-09-30 22:10:15,363 INFO Got difference for account updates
2025-09-30 22:10:25,287 INFO Got difference for account updates
2025-09-30 22:10:35,982 INFO Got difference for account updates
2025-09-30 22:10:45,075 INFO Got difference for account updates
2025-09-30 22:10:55,554 INFO Got difference for account updates
2025-09-30 22:11:15,648 INFO Got difference for account updates
2025-09-30 22:11:17,120 INFO Got difference for account updates
2025-09-30 22:11:17,923 INFO Got difference for account updates
2025-09-30 22:11:19,877 INFO Got difference for account updates
2025-09-30 22:11:45,108 INFO Got difference for account updates
2025-09-30 22:12:05,120 INFO Got difference for account updates
2025-09-30 22:12:25,275 INFO Got difference for account updates
2025-09-30 22:12:27,139 INFO Got difference for account updates
2025-09-30 22:12:37,265 INFO Got difference for account updates
2025-09-30 22:12:41,377 INFO Got difference for account updates
2025-09-30 22:13:05,139 INFO Got difference for account updates
2025-09-30 22:13:18,468 INFO Got difference for account updates
2025-09-30 22:13:43,265 INFO Got difference for account updates
2025-09-30 22:13:54,283 INFO Got difference for account updates
2025-09-30 22:14:14,227 INFO Got difference for account updates
2025-09-30 22:14:27,122 INFO Got difference for account updates
2025-09-30 22:14:45,064 INFO Got difference for account updates
2025-09-30 22:14:53,253 INFO Got difference for account updates
2025-09-30 22:15:03,039 INFO Got difference for account updates
2025-09-30 22:15:03,828 INFO Got difference for account updates
2025-09-30 22:15:32,298 INFO Got difference for account updates
2025-09-30 22:15:43,442 INFO Got difference for account updates
2025-09-30 22:16:03,102 INFO Got difference for account updates
2025-09-30 22:16:23,317 INFO Got difference for account updates
2025-09-30 22:16:42,229 INFO Got difference for account updates
2025-09-30 22:16:53,105 INFO Got difference for account updates
2025-09-30 22:17:13,357 INFO Got difference for account updates
2025-09-30 22:17:14,075 INFO Got difference for account updates
2025-09-30 22:17:15,136 INFO Got difference for account updates
2025-09-30 22:17:21,303 INFO Got difference for account updates
2025-09-30 22:17:25,615 INFO Got difference for account updates
2025-09-30 22:17:42,830 INFO Got difference for account updates
2025-09-30 22:17:54,663 INFO Got difference for account updates
2025-09-30 22:18:12,721 INFO Got difference for account updates
2025-09-30 22:18:27,982 INFO Got difference for account updates
2025-09-30 22:18:44,086 INFO Got difference for account updates
2025-09-30 22:18:54,043 INFO Got difference for account updates
2025-09-30 22:19:22,309 INFO Got difference for account updates
2025-09-30 22:19:33,228 INFO Got difference for account updates
2025-09-30 22:19:53,352 INFO Got difference for account updates
2025-09-30 22:19:53,747 INFO Got difference for account updates
2025-09-30 22:20:03,748 INFO Got difference for account updates
2025-09-30 22:20:32,452 INFO Got difference for account updates
2025-09-30 22:20:43,363 INFO Got difference for account updates
2025-09-30 23:09:55,827 INFO Got difference for account updates
2025-09-30 23:10:16,757 INFO Got difference for account updates
2025-09-30 23:10:16,847 INFO Got difference for account updates
2025-09-30 23:10:26,827 INFO Got difference for account updates
2025-09-30 23:10:46,996 INFO Got difference for account updates
2025-09-30 23:10:58,776 INFO Got difference for account updates
2025-09-30 23:11:16,965 INFO Got difference for account updates
2025-09-30 23:11:24,638 INFO Got difference for account updates
2025-09-30 23:11:26,614 INFO Got difference for account updates
2025-09-30 23:11:34,669 INFO Got difference for account updates
2025-09-30 23:11:47,465 INFO Got difference for account updates
2025-09-30 23:12:07,338 INFO Got difference for account updates
2025-09-30 23:12:16,939 INFO Got difference for account updates
2025-09-30 23:12:18,409 INFO Got difference for account updates
2025-09-30 23:12:27,128 INFO Got difference for account updates
2025-09-30 23:12:47,646 INFO Got difference for account updates
2025-09-30 23:12:47,927 INFO Got difference for account updates
2025-09-30 23:12:49,095 INFO Got difference for account updates
2025-09-30 23:12:57,643 INFO Got difference for account updates
2025-09-30 23:13:26,449 INFO Got difference for account updates
2025-09-30 23:13:32,595 INFO Got difference for account updates
2025-09-30 23:13:36,102 INFO Got difference for account updates
2025-09-30 23:13:37,659 INFO Got difference for account updates
2025-09-30 23:13:56,622 INFO Got difference for account updates
2025-09-30 23:14:03,642 INFO Got difference for account updates
2025-09-30 23:14:12,845 INFO Got difference for account updates
2025-09-30 23:14:19,240 INFO Got difference for account updates
2025-09-30 23:14:41,579 INFO Got difference for account updates
2025-09-30 23:14:41,671 INFO Got difference for account updates
2025-09-30 23:14:52,157 INFO Got difference for account updates
2025-09-30 23:15:12,232 INFO Got difference for account updates
2025-09-30 23:15:14,307 INFO Got difference for account updates
2025-09-30 23:15:16,017 INFO Got difference for account updates
2025-09-30 23:15:22,450 INFO Got difference for account updates
2025-09-30 23:15:32,413 INFO Got difference for account updates
2025-09-30 23:15:52,204 INFO Got difference for account updates
2025-09-30 23:16:12,184 INFO Got difference for account updates
2025-09-30 23:16:20,574 INFO Got difference for account updates
2025-09-30 23:16:29,083 INFO Got difference for account updates
2025-09-30 23:16:42,276 INFO Got difference for account updates
2025-09-30 23:16:47,295 INFO Got difference for account updates
2025-09-30 23:16:48,900 INFO Got difference for account updates
2025-09-30 23:16:51,332 INFO Got difference for account updates
2025-09-30 23:16:55,170 INFO Got difference for account updates
2025-09-30 23:16:59,103 INFO Got difference for account updates
2025-09-30 23:17:21,086 INFO Got difference for account updates
2025-09-30 23:17:32,192 INFO Got difference for account updates
2025-09-30 23:17:52,035 INFO Got difference for account updates
2025-09-30 23:17:53,794 INFO Got difference for account updates
2025-09-30 23:18:01,388 INFO Got difference for account updates
2025-09-30 23:18:11,128 INFO Got difference for account updates
2025-09-30 23:18:12,569 INFO Got difference for account updates
2025-09-30 23:18:31,146 INFO Got difference for account updates
2025-09-30 23:18:33,533 INFO Got difference for account updates
2025-09-30 23:18:42,311 INFO Got difference for account updates
2025-09-30 23:18:47,819 INFO Got difference for account updates
2025-09-30 23:19:02,855 INFO Got difference for account updates
2025-09-30 23:19:08,834 INFO Got difference for account updates
2025-09-30 23:19:31,332 INFO Got difference for account updates
2025-09-30 23:19:32,128 INFO Got difference for account updates
2025-09-30 23:19:42,486 INFO Got difference for account updates
2025-09-30 23:20:02,114 INFO Got difference for account updates
2025-09-30 23:20:02,797 INFO Got difference for account updates
2025-09-30 23:20:08,430 INFO Got difference for account updates
2025-09-30 23:20:14,446 INFO Got difference for account updates
2025-10-01 00:09:56,818 INFO Got difference for account updates
2025-10-01 00:10:17,291 INFO Got difference for account updates
2025-10-01 00:10:17,483 INFO Got difference for account updates
2025-10-01 00:10:28,866 INFO Got difference for account updates
2025-10-01 00:10:31,299 INFO Got difference for account updates
2025-10-01 00:10:46,695 INFO Got difference for account updates
2025-10-01 00:10:56,194 INFO Got difference for account updates
2025-10-01 00:11:01,689 INFO Got difference for account updates
2025-10-01 00:11:08,183 INFO Got difference for account updates
2025-10-01 00:11:26,141 INFO Got difference for account updates
2025-10-01 00:11:26,262 INFO Got difference for account updates
2025-10-01 00:11:27,085 INFO Got difference for account updates
2025-10-01 00:11:28,548 INFO Got difference for account updates
2025-10-01 00:11:32,469 INFO Got difference for account updates
2025-10-01 00:11:37,920 INFO Got difference for account updates
2025-10-01 00:11:47,241 INFO Got difference for account updates
2025-10-01 00:11:57,212 INFO Got difference for account updates
2025-10-01 00:11:57,949 INFO Got difference for account updates
2025-10-01 00:12:17,009 INFO Got difference for account updates
2025-10-01 00:12:29,316 INFO Got difference for account updates
2025-10-01 00:12:56,110 INFO Got difference for account updates
2025-10-01 00:13:07,108 INFO Got difference for account updates
2025-10-01 00:13:27,000 INFO Got difference for account updates
2025-10-01 00:13:29,054 INFO Got difference for account updates
2025-10-01 00:13:44,148 INFO Got difference for account updates
2025-10-01 00:13:56,988 INFO Got difference for account updates
2025-10-01 00:14:08,633 INFO Got difference for account updates
2025-10-01 00:14:17,072 INFO Got difference for account updates
2025-10-01 00:14:36,598 INFO Got difference for account updates
2025-10-01 00:14:37,226 INFO Got difference for account updates
2025-10-01 00:14:59,044 INFO Got difference for account updates
2025-10-01 00:15:08,196 INFO Got difference for account updates
2025-10-01 00:15:17,019 INFO Got difference for account updates
2025-10-01 00:15:27,381 INFO Got difference for account updates
2025-10-01 00:15:32,720 INFO Got difference for account updates
2025-10-01 00:15:37,239 INFO Got difference for account updates
2025-10-01 00:15:57,606 INFO Got difference for account updates
2025-10-01 00:15:59,383 INFO Got difference for account updates
2025-10-01 00:16:01,420 INFO Got difference for account updates
2025-10-01 00:16:07,897 INFO Got difference for account updates
2025-10-01 00:16:27,869 INFO Got difference for account updates
2025-10-01 00:16:45,163 INFO Got difference for account updates
2025-10-01 00:17:06,652 INFO Got difference for account updates
2025-10-01 00:17:17,330 INFO Got difference for account updates
2025-10-01 00:17:35,462 INFO Got difference for account updates
2025-10-01 00:17:37,431 INFO Got difference for account updates
2025-10-01 00:17:39,338 INFO Got difference for account updates
2025-10-01 00:17:57,326 INFO Got difference for account updates
2025-10-01 00:18:09,455 INFO Got difference for account updates
2025-10-01 00:18:15,091 INFO Got difference for account updates
2025-10-01 00:18:27,770 INFO Got difference for account updates
2025-10-01 00:18:44,886 INFO Got difference for account updates
2025-10-01 00:18:50,407 INFO Got difference for account updates
2025-10-01 00:19:04,349 INFO Got difference for account updates
2025-10-01 00:19:13,903 INFO Got difference for account updates
2025-10-01 00:19:15,032 INFO Got difference for account updates
2025-10-01 00:19:25,387 INFO Got difference for account updates
2025-10-01 00:19:29,168 INFO Got difference for account updates
2025-10-01 00:19:34,854 INFO Got difference for account updates
2025-10-01 00:19:37,987 INFO Got difference for account updates
2025-10-01 00:19:45,027 INFO Got difference for account updates
2025-10-01 01:09:56,783 INFO Got difference for account updates
2025-10-01 01:10:00,389 INFO Got difference for account updates
2025-10-01 01:10:01,132 INFO Got difference for account updates
2025-10-01 01:10:01,901 INFO Got difference for account updates
2025-10-01 01:10:03,668 INFO Got difference for account updates
2025-10-01 01:10:17,018 INFO Got difference for account updates
2025-10-01 01:10:24,078 INFO Got difference for account updates
2025-10-01 01:10:34,600 INFO Got difference for account updates
2025-10-01 01:10:54,079 INFO Got difference for account updates
2025-10-01 01:11:06,764 INFO Got difference for account updates
2025-10-01 01:11:14,416 INFO Got difference for account updates
2025-10-01 01:11:24,469 INFO Got difference for account updates
2025-10-01 01:11:33,948 INFO Got difference for account updates
2025-10-01 01:11:39,523 INFO Got difference for account updates
2025-10-01 01:11:54,353 INFO Got difference for account updates
2025-10-01 01:12:03,919 INFO Got difference for account updates
2025-10-01 01:12:04,968 INFO Got difference for account updates
2025-10-01 01:12:09,312 INFO Got difference for account updates
2025-10-01 01:12:21,674 INFO Got difference for account updates
2025-10-01 01:12:26,578 INFO Got difference for account updates
2025-10-01 01:12:34,807 INFO Got difference for account updates
2025-10-01 01:12:44,396 INFO Got difference for account updates
2025-10-01 01:13:02,622 INFO Got difference for account updates
2025-10-01 01:13:03,880 INFO Got difference for account updates
2025-10-01 01:13:16,643 INFO Got difference for account updates
2025-10-01 01:13:31,479 INFO Got difference for account updates
2025-10-01 01:13:33,886 INFO Got difference for account updates
2025-10-01 01:13:44,458 INFO Got difference for account updates
2025-10-01 01:13:56,611 INFO Got difference for account updates
2025-10-01 01:14:04,334 INFO Got difference for account updates
2025-10-01 01:14:13,526 INFO Got difference for account updates
2025-10-01 01:14:23,276 INFO Got difference for account updates
2025-10-01 01:14:23,985 INFO Got difference for account updates
2025-10-01 01:14:34,630 INFO Got difference for account updates
2025-10-01 01:14:45,779 INFO Got difference for account updates
2025-10-01 01:14:57,585 INFO Got difference for account updates
2025-10-01 01:15:14,195 INFO Got difference for account updates
2025-10-01 01:15:33,455 INFO Got difference for account updates
2025-10-01 01:15:43,905 INFO Got difference for account updates
2025-10-01 01:15:44,871 INFO Got difference for account updates
2025-10-01 01:16:04,543 INFO Got difference for account updates
2025-10-01 01:16:10,700 INFO Got difference for account updates
2025-10-01 01:16:21,030 INFO Got difference for account updates
2025-10-01 01:16:34,434 INFO Got difference for account updates
2025-10-01 01:16:53,894 INFO Got difference for account updates
2025-10-01 01:16:55,035 INFO Got difference for account updates
2025-10-01 01:17:04,497 INFO Got difference for account updates
2025-10-01 01:17:13,988 INFO Got difference for account updates
2025-10-01 01:17:15,814 INFO Got difference for account updates
2025-10-01 01:17:43,425 INFO Got difference for account updates
2025-10-01 01:17:53,955 INFO Got difference for account updates
2025-10-01 01:18:13,941 INFO Got difference for account updates
2025-10-01 01:18:24,610 INFO Got difference for account updates
2025-10-01 01:18:46,677 INFO Got difference for account updates
2025-10-01 01:18:54,959 INFO Got difference for account updates
2025-10-01 01:18:59,786 INFO Got difference for account updates
2025-10-01 01:19:15,191 INFO Got difference for account updates
2025-10-01 01:19:25,424 INFO Got difference for account updates
2025-10-01 01:19:35,159 INFO Got difference for account updates
2025-10-01 01:19:37,220 INFO Got difference for account updates
2025-10-01 01:19:47,050 INFO Got difference for account updates
2025-10-01 01:20:06,442 INFO Got difference for account updates
2025-10-01 02:09:58,721 INFO Got difference for account updates
2025-10-01 02:10:18,755 INFO Got difference for account updates
2025-10-01 02:10:20,000 INFO Got difference for account updates
2025-10-01 02:10:26,763 INFO Got difference for account updates
2025-10-01 02:10:37,333 INFO Got difference for account updates
2025-10-01 02:10:55,872 INFO Got difference for account updates
2025-10-01 02:11:07,612 INFO Got difference for account updates
2025-10-01 02:11:25,763 INFO Got difference for account updates
2025-10-01 02:11:32,863 INFO Got difference for account updates
2025-10-01 02:11:42,921 INFO Got difference for account updates
2025-10-01 02:12:03,113 INFO Got difference for account updates
2025-10-01 02:12:32,026 INFO Got difference for account updates
2025-10-01 02:12:41,118 INFO Got difference for account updates
2025-10-01 02:12:51,918 INFO Got difference for account updates
2025-10-01 02:13:03,028 INFO Got difference for account updates
2025-10-01 02:13:05,538 INFO Got difference for account updates
2025-10-01 02:13:11,766 INFO Got difference for account updates
2025-10-01 02:13:13,633 INFO Got difference for account updates
2025-10-01 02:13:31,996 INFO Got difference for account updates
2025-10-01 02:13:53,052 INFO Got difference for account updates
2025-10-01 02:13:54,620 INFO Got difference for account updates
2025-10-01 02:13:56,638 INFO Got difference for account updates
2025-10-01 02:14:12,738 INFO Got difference for account updates
2025-10-01 02:14:29,043 INFO Got difference for account updates
2025-10-01 02:14:42,076 INFO Got difference for account updates
2025-10-01 02:14:52,303 INFO Got difference for account updates
2025-10-01 02:15:13,236 INFO Got difference for account updates
2025-10-01 02:15:14,698 INFO Got difference for account updates
2025-10-01 02:15:22,017 INFO Got difference for account updates
2025-10-01 02:15:31,811 INFO Got difference for account updates
2025-10-01 02:15:32,903 INFO Got difference for account updates
2025-10-01 02:15:52,182 INFO Got difference for account updates
2025-10-01 02:15:52,916 INFO Got difference for account updates
2025-10-01 02:16:12,434 INFO Got difference for account updates
2025-10-01 02:16:22,821 INFO Got difference for account updates
2025-10-01 02:16:43,629 INFO Got difference for account updates
2025-10-01 02:16:54,974 INFO Got difference for account updates
2025-10-01 02:17:13,489 INFO Got difference for account updates
2025-10-01 02:17:22,127 INFO Got difference for account updates
2025-10-01 02:17:33,358 INFO Got difference for account updates
2025-10-01 02:17:53,844 INFO Got difference for account updates
2025-10-01 02:18:05,111 INFO Got difference for account updates
2025-10-01 02:18:18,811 INFO Got difference for account updates
2025-10-01 02:18:23,939 INFO Got difference for account updates
2025-10-01 02:18:34,016 INFO Got difference for account updates
2025-10-01 02:18:43,995 INFO Got difference for account updates
2025-10-01 02:18:45,302 INFO Got difference for account updates
2025-10-01 02:18:53,865 INFO Got difference for account updates
2025-10-01 02:19:13,299 INFO Got difference for account updates
2025-10-01 02:19:24,139 INFO Got difference for account updates
2025-10-01 02:19:34,017 INFO Got difference for account updates
2025-10-01 02:19:39,276 INFO Got difference for account updates
2025-10-01 02:19:43,523 INFO Got difference for account updates
2025-10-01 02:19:53,212 INFO Got difference for account updates
2025-10-01 02:19:54,044 INFO Got difference for account updates
2025-10-01 08:24:27,480 INFO Cleaned 1 old sessions
2025-10-01 12:19:57,959 INFO Got difference for account updates
2025-10-01 13:03:55,471 WARNING Server closed the connection: [WinError 1236] The network connection was aborted by the local system
2025-10-01 13:03:55,472 INFO Connection closed while receiving data: [WinError 1236] The network connection was aborted by the local system
2025-10-01 13:03:55,472 INFO Closing current connection to begin reconnect...
2025-10-01 13:03:55,473 INFO <class 'ConnectionAbortedError'> during disconnect: [WinError 1236] The network connection was aborted by the local system
2025-10-01 13:03:55,473 INFO Connecting to 149.154.167.51:443/TcpFull...
2025-10-01 13:03:55,474 WARNING Attempt 1 at connecting failed: OSError: [WinError 1232] The network location cannot be reached. For information about network troubleshooting, see Windows Help
2025-10-01 13:03:56,480 WARNING Attempt 2 at connecting failed: OSError: [WinError 1232] The network location cannot be reached. For information about network troubleshooting, see Windows Help
2025-10-01 13:03:57,496 WARNING Attempt 3 at connecting failed: OSError: [WinError 1232] The network location cannot be reached. For information about network troubleshooting, see Windows Help
2025-10-01 13:03:58,498 WARNING Attempt 4 at connecting failed: OSError: [WinError 1232] The network location cannot be reached. For information about network troubleshooting, see Windows Help
2025-10-01 13:04:09,178 WARNING Attempt 5 at connecting failed: ConnectionAbortedError: [WinError 1236] The network connection was aborted by the local system
2025-10-01 13:04:10,247 INFO Connection to 149.154.167.51:443/TcpFull complete!
2025-10-01 13:04:13,610 WARNING Server closed the connection: [WinError 1236] The network connection was aborted by the local system
2025-10-01 13:04:13,611 INFO Connection closed while receiving data: [WinError 1236] The network connection was aborted by the local system
2025-10-01 13:04:13,611 INFO Closing current connection to begin reconnect...
2025-10-01 13:04:13,611 INFO <class 'ConnectionAbortedError'> during disconnect: [WinError 1236] The network connection was aborted by the local system
2025-10-01 13:04:13,611 INFO Connecting to 149.154.167.51:443/TcpFull...
2025-10-01 13:04:13,612 WARNING Attempt 1 at connecting failed: OSError: [WinError 1232] The network location cannot be reached. For information about network troubleshooting, see Windows Help
2025-10-01 13:04:14,636 WARNING Attempt 2 at connecting failed: OSError: [WinError 1232] The network location cannot be reached. For information about network troubleshooting, see Windows Help
2025-10-01 13:04:15,637 WARNING Attempt 3 at connecting failed: OSError: [WinError 1232] The network location cannot be reached. For information about network troubleshooting, see Windows Help
2025-10-01 13:04:16,647 WARNING Attempt 4 at connecting failed: OSError: [WinError 1232] The network location cannot be reached. For information about network troubleshooting, see Windows Help
2025-10-01 13:04:17,648 WARNING Attempt 5 at connecting failed: OSError: [WinError 1232] The network location cannot be reached. For information about network troubleshooting, see Windows Help
2025-10-01 13:04:18,654 WARNING Attempt 6 at connecting failed: OSError: [WinError 1232] The network location cannot be reached. For information about network troubleshooting, see Windows Help
2025-10-01 13:04:19,680 INFO Failed reconnection attempt 1 with ConnectionError
2025-10-01 13:04:20,685 INFO Connecting to 149.154.167.51:443/TcpFull...
2025-10-01 13:04:20,749 INFO Connection to 149.154.167.51:443/TcpFull complete!
^C