nohup: ignoring input
2026-03-07 02:13:49,804 INFO Connecting to 149.154.167.51:443/TcpFull...
2026-03-07 02:13:49,867 INFO Connection to 149.154.167.51:443/TcpFull complete!
Traceback (most recent call last):
  File "/home/rutra/vip/main.py", line 949, in <module>
    asyncio.run(main())
  File "/usr/lib/python3.12/asyncio/runners.py", line 194, in run
    return runner.run(main)
           ^^^^^^^^^^^^^^^^
  File "/usr/lib/python3.12/asyncio/runners.py", line 118, in run
    return self._loop.run_until_complete(task)
           ^^^^^^^^^^^^^^^^^^^^^^^^^^^^^^^^^^^
  File "/usr/lib/python3.12/asyncio/base_events.py", line 687, in run_until_complete
    return future.result()
           ^^^^^^^^^^^^^^^
  File "/home/rutra/vip/main.py", line 939, in main
    await client.start()  # при первом запуске попросит код/2FA
    ^^^^^^^^^^^^^^^^^^^^
  File "/home/rutra/vip/venv/lib/python3.12/site-packages/telethon/client/auth.py", line 135, in _start
    await self.connect()
  File "/home/rutra/vip/venv/lib/python3.12/site-packages/telethon/client/telegrambaseclient.py", line 563, in connect
    self.session.auth_key = self._sender.auth_key
    ^^^^^^^^^^^^^^^^^^^^^
  File "/home/rutra/vip/venv/lib/python3.12/site-packages/telethon/sessions/sqlite.py", line 180, in auth_key
    self._update_session_table()
  File "/home/rutra/vip/venv/lib/python3.12/site-packages/telethon/sessions/sqlite.py", line 194, in _update_session_table
    c.execute('delete from sessions')
sqlite3.OperationalError: database is locked
