2026-03-07 03:00:25,222 | INFO | Starting forwarder…
2026-03-07 03:00:25,222 | INFO | SESSION_NAME=forwarder_userbot
2026-03-07 03:00:25,222 | INFO | Connecting to 149.154.167.51:443/TcpFull...
2026-03-07 03:00:25,283 | INFO | Connection to 149.154.167.51:443/TcpFull complete!
Traceback (most recent call last):
  File "/home/rutra/vip/forwarder.py", line 235, in <module>
    asyncio.run(main())
  File "/usr/lib/python3.12/asyncio/runners.py", line 194, in run
    return runner.run(main)
           ^^^^^^^^^^^^^^^^
  File "/usr/lib/python3.12/asyncio/runners.py", line 118, in run
    return self._loop.run_until_complete(task)
           ^^^^^^^^^^^^^^^^^^^^^^^^^^^^^^^^^^^
  File "/usr/lib/python3.12/asyncio/base_events.py", line 687, in run_until_complete
    return future.result()
           ^^^^^^^^^^^^^^^
  File "/home/rutra/vip/forwarder.py", line 157, in main
    await client.connect()
  File "/home/rutra/vip/venv/lib/python3.12/site-packages/telethon/client/telegrambaseclient.py", line 563, in connect
    self.session.auth_key = self._sender.auth_key
    ^^^^^^^^^^^^^^^^^^^^^
  File "/home/rutra/vip/venv/lib/python3.12/site-packages/telethon/sessions/sqlite.py", line 180, in auth_key
    self._update_session_table()
  File "/home/rutra/vip/venv/lib/python3.12/site-packages/telethon/sessions/sqlite.py", line 194, in _update_session_table
    c.execute('delete from sessions')
sqlite3.OperationalError: database is locked
